
/home/runner/work/exp-clustering-wines-au/exp-clustering-wines-au/experiment/simulation/js/index-BO4X3TGY.js
   17:4193    warning  'process' is not defined                                                   no-undef
   17:4219    warning  'process' is not defined                                                   no-undef
   25:1032    warning  'setImmediate' is not defined                                              no-undef
   25:1890    warning  Unreachable code                                                           no-unreachable
   33:3442    warning  '__REACT_DEVTOOLS_GLOBAL_HOOK__' is not defined                            no-undef
   33:3499    warning  '__REACT_DEVTOOLS_GLOBAL_HOOK__' is not defined                            no-undef
   41:3259    warning  Empty block statement                                                      no-empty
   46:202     warning  Expected a conditional expression and instead saw an assignment            no-cond-assign
   48:548     warning  Empty block statement                                                      no-empty
   48:4243    warning  Expected a conditional expression and instead saw an assignment            no-cond-assign
   48:4343    warning  Expected a conditional expression and instead saw an assignment            no-cond-assign
   48:4426    warning  Expected a conditional expression and instead saw an assignment            no-cond-assign
   48:4883    warning  Unexpected combined character in character class                           no-misleading-character-class
   48:6398    warning  Do not access Object.prototype method 'hasOwnProperty' from target object  no-prototype-builtins
   48:8626    warning  Do not access Object.prototype method 'hasOwnProperty' from target object  no-prototype-builtins
   48:10744   warning  Do not access Object.prototype method 'hasOwnProperty' from target object  no-prototype-builtins
   48:10774   warning  Do not access Object.prototype method 'hasOwnProperty' from target object  no-prototype-builtins
   48:10893   warning  Do not access Object.prototype method 'hasOwnProperty' from target object  no-prototype-builtins
   48:10954   warning  Do not access Object.prototype method 'hasOwnProperty' from target object  no-prototype-builtins
   48:13917   warning  Unexpected control character(s) in regular expression: \x00, \x1f          no-control-regex
   48:15960   warning  Expected to return a value in method 'get'                                 getter-return
   48:16650   warning  Do not access Object.prototype method 'hasOwnProperty' from target object  no-prototype-builtins
   48:16992   warning  Invalid typeof comparison value                                            valid-typeof
   48:17166   warning  Invalid typeof comparison value                                            valid-typeof
   48:19031   warning  Expected a conditional expression and instead saw an assignment            no-cond-assign
   48:25350   warning  Do not access Object.prototype method 'hasOwnProperty' from target object  no-prototype-builtins
   48:26660   warning  'process' is not defined                                                   no-undef
   48:26686   warning  'process' is not defined                                                   no-undef
   48:43730   warning  Empty block statement                                                      no-empty
   48:45826   warning  Expected a 'break' statement before 'case'                                 no-fallthrough
   48:46291   warning  Unexpected constant condition                                              no-constant-condition
   48:59343   warning  Empty block statement                                                      no-empty
   48:59352   warning  Empty block statement                                                      no-empty
   48:64906   warning  Expected a conditional expression and instead saw an assignment            no-cond-assign
   48:69812   warning  Expected a conditional expression and instead saw an assignment            no-cond-assign
   48:72710   warning  Expected a conditional expression and instead saw an assignment            no-cond-assign
   48:73818   warning  Expected a conditional expression and instead saw an assignment            no-cond-assign
   48:75497   warning  Expected a conditional expression and instead saw an assignment            no-cond-assign
   48:82133   warning  Expected a conditional expression and instead saw an assignment            no-cond-assign
   48:87121   warning  Unnecessary escape character: \/                                           no-useless-escape
   48:97894   warning  Expected a 'break' statement before 'case'                                 no-fallthrough
   48:98847   warning  Empty block statement                                                      no-empty
   48:99126   warning  Expected a 'break' statement before 'case'                                 no-fallthrough
   48:102322  warning  Expected a conditional expression and instead saw an assignment            no-cond-assign
   48:104699  warning  Do not access Object.prototype method 'hasOwnProperty' from target object  no-prototype-builtins
   48:106519  warning  Expected a 'break' statement before 'case'                                 no-fallthrough
   48:107192  warning  Expected a 'break' statement before 'case'                                 no-fallthrough
   48:112982  warning  Expected a 'break' statement before 'case'                                 no-fallthrough
   48:113316  warning  Unexpected constant condition                                              no-constant-condition
   48:115940  warning  Unexpected constant condition                                              no-constant-condition
   48:116565  warning  Expected a 'break' statement before 'case'                                 no-fallthrough
   48:116884  warning  Unexpected constant condition                                              no-constant-condition
   48:117284  warning  Expected a 'break' statement before 'default'                              no-fallthrough
   48:119784  warning  Expected a conditional expression and instead saw an assignment            no-cond-assign
   48:120600  warning  Empty block statement                                                      no-empty
   48:121355  warning  Empty block statement                                                      no-empty
   48:122833  warning  'a' is defined but never used                                              no-unused-vars
   48:125225  warning  Expected a conditional expression and instead saw an assignment            no-cond-assign
   48:128988  warning  Expected a 'break' statement before 'case'                                 no-fallthrough
   48:129177  warning  Expected a 'break' statement before 'case'                                 no-fallthrough
   48:130402  warning  Expected a conditional expression and instead saw an assignment            no-cond-assign
   48:131955  warning  Expected a 'break' statement before 'case'                                 no-fallthrough
   48:133502  warning  Unexpected control character(s) in regular expression: \x00                no-control-regex
   49:476     warning  Expected a 'break' statement before 'case'                                 no-fallthrough
   49:5078    warning  Do not access Object.prototype method 'hasOwnProperty' from target object  no-prototype-builtins
   49:5650    warning  Do not access Object.prototype method 'hasOwnProperty' from target object  no-prototype-builtins
   49:5989    warning  Do not access Object.prototype method 'hasOwnProperty' from target object  no-prototype-builtins
   49:6384    warning  Do not access Object.prototype method 'hasOwnProperty' from target object  no-prototype-builtins
   49:6500    warning  Expected a 'break' statement before 'default'                              no-fallthrough
   49:6662    warning  Do not access Object.prototype method 'hasOwnProperty' from target object  no-prototype-builtins
   49:6925    warning  Do not access Object.prototype method 'hasOwnProperty' from target object  no-prototype-builtins
   49:7419    warning  Expected a 'break' statement before 'case'                                 no-fallthrough
   49:7558    warning  Do not access Object.prototype method 'hasOwnProperty' from target object  no-prototype-builtins
   49:7736    warning  Do not access Object.prototype method 'hasOwnProperty' from target object  no-prototype-builtins
   49:7818    warning  Do not access Object.prototype method 'hasOwnProperty' from target object  no-prototype-builtins
   49:8079    warning  Do not access Object.prototype method 'hasOwnProperty' from target object  no-prototype-builtins
   49:8177    warning  Expected a 'break' statement before 'default'                              no-fallthrough
   49:8187    warning  Do not access Object.prototype method 'hasOwnProperty' from target object  no-prototype-builtins
   49:8265    warning  Do not access Object.prototype method 'hasOwnProperty' from target object  no-prototype-builtins
   49:8653    warning  Do not access Object.prototype method 'hasOwnProperty' from target object  no-prototype-builtins
   49:8727    warning  Expected a 'break' statement before 'default'                              no-fallthrough
   49:8737    warning  Do not access Object.prototype method 'hasOwnProperty' from target object  no-prototype-builtins
   49:8805    warning  Do not access Object.prototype method 'hasOwnProperty' from target object  no-prototype-builtins
   49:8923    warning  Expected a 'break' statement before 'default'                              no-fallthrough
   49:9099    warning  Do not access Object.prototype method 'hasOwnProperty' from target object  no-prototype-builtins
   49:9130    warning  Do not access Object.prototype method 'hasOwnProperty' from target object  no-prototype-builtins
   49:9254    warning  Do not access Object.prototype method 'hasOwnProperty' from target object  no-prototype-builtins
   49:9530    warning  Do not access Object.prototype method 'hasOwnProperty' from target object  no-prototype-builtins
   49:9562    warning  Do not access Object.prototype method 'hasOwnProperty' from target object  no-prototype-builtins
   49:9685    warning  Do not access Object.prototype method 'hasOwnProperty' from target object  no-prototype-builtins
   49:10042   warning  Do not access Object.prototype method 'hasOwnProperty' from target object  no-prototype-builtins
   49:10074   warning  Do not access Object.prototype method 'hasOwnProperty' from target object  no-prototype-builtins
   49:10144   warning  Do not access Object.prototype method 'hasOwnProperty' from target object  no-prototype-builtins
   49:10358   warning  Do not access Object.prototype method 'hasOwnProperty' from target object  no-prototype-builtins
   49:10393   warning  Do not access Object.prototype method 'hasOwnProperty' from target object  no-prototype-builtins
   49:10463   warning  Do not access Object.prototype method 'hasOwnProperty' from target object  no-prototype-builtins
   49:10561   warning  Do not access Object.prototype method 'hasOwnProperty' from target object  no-prototype-builtins
   49:10592   warning  Do not access Object.prototype method 'hasOwnProperty' from target object  no-prototype-builtins
   49:10658   warning  Do not access Object.prototype method 'hasOwnProperty' from target object  no-prototype-builtins
   49:18706   warning  Expected a conditional expression and instead saw an assignment            no-cond-assign
   49:19777   warning  Expected a conditional expression and instead saw an assignment            no-cond-assign
   49:22310   warning  Expected a conditional expression and instead saw an assignment            no-cond-assign
   49:34393   warning  'navigation' is not defined                                                no-undef
   49:34422   warning  'navigation' is not defined                                                no-undef
   49:34462   warning  'navigation' is not defined                                                no-undef
   49:34608   warning  'navigation' is not defined                                                no-undef
   49:34650   warning  'navigation' is not defined                                                no-undef
   49:34699   warning  'navigation' is not defined                                                no-undef
   49:34780   warning  'navigation' is not defined                                                no-undef
   49:34825   warning  'navigation' is not defined                                                no-undef
   49:34877   warning  'navigation' is not defined                                                no-undef
   49:36025   warning  '__REACT_DEVTOOLS_GLOBAL_HOOK__' is not defined                            no-undef
   49:36124   warning  Empty block statement                                                      no-empty
   49:37270   warning  '__REACT_DEVTOOLS_GLOBAL_HOOK__' is not defined                            no-undef
   49:37327   warning  '__REACT_DEVTOOLS_GLOBAL_HOOK__' is not defined                            no-undef
   49:39558   warning  't' is defined but never used                                              no-unused-vars
   49:43175   warning  Do not access Object.prototype method 'hasOwnProperty' from target object  no-prototype-builtins
   49:63703   warning  Empty block statement                                                      no-empty
   49:65539   warning  'r' is assigned a value but never used                                     no-unused-vars
   49:65552   warning  'o' is assigned a value but never used                                     no-unused-vars
   49:68257   warning  'n' is defined but never used                                              no-unused-vars
   49:69372   warning  Unexpected comma in middle of array                                        no-sparse-arrays
   49:69978   warning  'r' is defined but never used                                              no-unused-vars
   49:70109   warning  'n' is assigned a value but never used                                     no-unused-vars
   49:70265   warning  'e' is defined but never used                                              no-unused-vars
   49:70273   warning  't' is defined but never used                                              no-unused-vars
   49:70289   warning  'n' is defined but never used                                              no-unused-vars
   49:70307   warning  'r' is defined but never used                                              no-unused-vars
   49:70326   warning  'o' is defined but never used                                              no-unused-vars
   49:70335   warning  'l' is defined but never used                                              no-unused-vars
   49:70348   warning  'u' is defined but never used                                              no-unused-vars
   49:70362   warning  'c' is defined but never used                                              no-unused-vars
   49:70369   warning  'd' is defined but never used                                              no-unused-vars
   49:70379   warning  'h' is defined but never used                                              no-unused-vars
   49:74560   warning  'o' is assigned a value but never used                                     no-unused-vars
   49:75083   warning  Do not access Object.prototype method 'hasOwnProperty' from target object  no-prototype-builtins
   49:86734   warning  't' is defined but never used                                              no-unused-vars
   49:86736   warning  'n' is defined but never used                                              no-unused-vars
   49:86738   warning  'r' is defined but never used                                              no-unused-vars
   49:88056   warning  'p' is assigned a value but never used                                     no-unused-vars
   49:101613  warning  'x' is assigned a value but never used                                     no-unused-vars
   49:102516  warning  Do not access Object.prototype method 'hasOwnProperty' from target object  no-prototype-builtins
   57:3802    warning  'require' is not defined                                                   no-undef
   57:3850    warning  Empty block statement                                                      no-empty
   57:6377    warning  'w' is assigned a value but never used                                     no-unused-vars
   57:9711    warning  'e' is defined but never used                                              no-unused-vars
   57:9713    warning  't' is defined but never used                                              no-unused-vars
   57:11188   warning  'h' is assigned a value but never used                                     no-unused-vars
   57:11204   warning  'm' is assigned a value but never used                                     no-unused-vars
  142:5082    warning  't' is defined but never used                                              no-unused-vars
  142:7975    warning  'n' is defined but never used                                              no-unused-vars
  142:8918    warning  Do not access Object.prototype method 'hasOwnProperty' from target object  no-prototype-builtins
  142:9280    warning  Expected a conditional expression and instead saw an assignment            no-cond-assign
  142:9587    warning  Do not access Object.prototype method 'hasOwnProperty' from target object  no-prototype-builtins
  142:9736    warning  Do not access Object.prototype method 'hasOwnProperty' from target object  no-prototype-builtins
  142:10418   warning  Do not access Object.prototype method 'hasOwnProperty' from target object  no-prototype-builtins
  142:13068   warning  Expected a conditional expression and instead saw an assignment            no-cond-assign
  142:13368   warning  Expected a conditional expression and instead saw an assignment            no-cond-assign
  142:13923   warning  Expected a conditional expression and instead saw an assignment            no-cond-assign
  142:15504   warning  't' is assigned a value but never used                                     no-unused-vars
  142:25955   warning  Expected a conditional expression and instead saw an assignment            no-cond-assign
  142:26216   warning  Expected a conditional expression and instead saw an assignment            no-cond-assign
  142:26256   warning  Expected a conditional expression and instead saw an assignment            no-cond-assign
  142:26320   warning  Expected a conditional expression and instead saw an assignment            no-cond-assign
  142:26359   warning  Expected a conditional expression and instead saw an assignment            no-cond-assign
  142:26422   warning  Expected a conditional expression and instead saw an assignment            no-cond-assign
  142:26466   warning  Expected a conditional expression and instead saw an assignment            no-cond-assign
  142:26515   warning  Do not access Object.prototype method 'hasOwnProperty' from target object  no-prototype-builtins
  142:31540   warning  Expected a conditional expression and instead saw an assignment            no-cond-assign
  142:32220   warning  'WebKitCSSMatrix' is not defined                                           no-undef
  142:38039   warning  Expected a conditional expression and instead saw an assignment            no-cond-assign
  142:42243   warning  Expected a conditional expression and instead saw an assignment            no-cond-assign
  142:44595   warning  Expected a conditional expression and instead saw an assignment            no-cond-assign
  142:55413   warning  Expected a conditional expression and instead saw an assignment            no-cond-assign
  142:82178   warning  Expected a 'break' statement before 'default'                              no-fallthrough
  142:82570   warning  Expected a conditional expression and instead saw an assignment            no-cond-assign
  142:83427   warning  Expected a conditional expression and instead saw an assignment            no-cond-assign
  142:85009   warning  Expected a 'break' statement before 'default'                              no-fallthrough
  142:87414   warning  Expected a 'break' statement before 'case'                                 no-fallthrough
  142:87823   warning  Expected a 'break' statement before 'default'                              no-fallthrough
  142:89520   warning  Expected a 'break' statement before 'default'                              no-fallthrough
  142:93273   warning  Expected a 'break' statement before 'default'                              no-fallthrough
  142:107639  warning  'u0' is a function                                                         no-func-assign
  142:108672  warning  'c0' is a function                                                         no-func-assign
  142:113362  warning  'f0' is a function                                                         no-func-assign
  142:116029  warning  't' is defined but never used                                              no-unused-vars
  142:124688  warning  'Buffer' is not defined                                                    no-undef
  158:10744   warning  't' is defined but never used                                              no-unused-vars
  158:21378   warning  'r' is assigned a value but never used                                     no-unused-vars
  158:21401   warning  'o' is assigned a value but never used                                     no-unused-vars
  158:21425   warning  'l' is assigned a value but never used                                     no-unused-vars
  158:27336   warning  't' is defined but never used                                              no-unused-vars
  158:33956   warning  't' is defined but never used                                              no-unused-vars
  158:33958   warning  'n' is defined but never used                                              no-unused-vars
  158:42549   warning  'S0' is a function                                                         no-func-assign
  161:1749    warning  't' is defined but never used                                              no-unused-vars
  161:10800   warning  'Yie' is assigned a value but never used                                   no-unused-vars
  161:10822   warning  'Gie' is assigned a value but never used                                   no-unused-vars
  169:1327    warning  't' is defined but never used                                              no-unused-vars
  169:3712    warning  'C0' is a function                                                         no-func-assign
  169:11750   warning  'j0' is a function                                                         no-func-assign
  169:14408   warning  'D0' is a function                                                         no-func-assign
  169:24516   warning  'Wd' is a function                                                         no-func-assign
  179:548     warning  Empty block statement                                                      no-empty
  179:978     warning  'L' is assigned a value but never used                                     no-unused-vars
  179:1677    warning  'oe' is assigned a value but never used                                    no-unused-vars
  179:4239    warning  'N0' is a function                                                         no-func-assign
  196:2817    warning  Empty block statement                                                      no-empty
  196:3003    warning  Empty block statement                                                      no-empty
  196:3291    warning  Empty block statement                                                      no-empty
  196:15440   warning  Expected a conditional expression and instead saw an assignment            no-cond-assign
  196:16096   warning  Do not access Object.prototype method 'hasOwnProperty' from target object  no-prototype-builtins
  196:16549   warning  'Sx' is already defined                                                    no-redeclare
  196:44888   warning  'Fie' is assigned a value but never used                                   no-unused-vars
  196:44935   warning  'Xie' is assigned a value but never used                                   no-unused-vars
  196:60792   warning  'z0' is a function                                                         no-func-assign
  196:67136   warning  'Zie' is assigned a value but never used                                   no-unused-vars
  196:79210   warning  'B0' is a function                                                         no-func-assign
  196:86998   warning  'si' is a function                                                         no-func-assign
  198:1469    warning  'M' is assigned a value but never used                                     no-unused-vars
  198:1549    warning  'C' is assigned a value but never used                                     no-unused-vars
  198:2876    warning  'ah' is a function                                                         no-func-assign
  198:3778    warning  'o' is assigned a value but never used                                     no-unused-vars
  198:4593    warning  'I0' is a function                                                         no-func-assign
  198:5286    warning  'Wie' is assigned a value but never used                                   no-unused-vars
  198:5307    warning  'Qie' is assigned a value but never used                                   no-unused-vars
  198:5324    warning  'Jie' is assigned a value but never used                                   no-unused-vars
  198:5344    warning  'eae' is assigned a value but never used                                   no-unused-vars
  198:7284    warning  'oh' is a function                                                         no-func-assign
  198:8399    warning  Empty block statement                                                      no-empty
  198:10740   warning  't' is defined but never used                                              no-unused-vars
  198:13478   warning  'tae' is assigned a value but never used                                   no-unused-vars
  198:13507   warning  'nae' is assigned a value but never used                                   no-unused-vars
  198:13537   warning  'rae' is assigned a value but never used                                   no-unused-vars
  198:14891   warning  'sh' is a function                                                         no-func-assign
  198:15669   warning  'u' is assigned a value but never used                                     no-unused-vars
  198:18772   warning  'iae' is assigned a value but never used                                   no-unused-vars
  198:18789   warning  'aae' is assigned a value but never used                                   no-unused-vars
  198:18805   warning  'oae' is assigned a value but never used                                   no-unused-vars
  198:21243   warning  'lae' is assigned a value but never used                                   no-unused-vars
  198:22052   warning  'sae' is assigned a value but never used                                   no-unused-vars
  198:22067   warning  'uae' is assigned a value but never used                                   no-unused-vars
  198:22079   warning  'cae' is assigned a value but never used                                   no-unused-vars
  198:22094   warning  'fae' is assigned a value but never used                                   no-unused-vars
  198:24283   warning  'U0' is a function                                                         no-func-assign
  198:31303   warning  'co' is a function                                                         no-func-assign
  198:39176   warning  'Za' is a function                                                         no-func-assign
  198:40221   warning  'y' is assigned a value but never used                                     no-unused-vars
  198:40437   warning  'l' is assigned a value but never used                                     no-unused-vars
  198:40447   warning  'u' is assigned a value but never used                                     no-unused-vars
  198:40825   warning  'l' is assigned a value but never used                                     no-unused-vars
  198:40835   warning  'u' is assigned a value but never used                                     no-unused-vars
  198:44788   warning  'dae' is assigned a value but never used                                   no-unused-vars
  198:44808   warning  'hae' is assigned a value but never used                                   no-unused-vars
  198:44827   warning  'mae' is assigned a value but never used                                   no-unused-vars
  198:47298   warning  'Cu' is a function                                                         no-func-assign
  198:49913   warning  'c' is assigned a value but never used                                     no-unused-vars
  198:56541   warning  'V0' is a function                                                         no-func-assign
  198:58727   warning  'm' is assigned a value but never used                                     no-unused-vars
  198:58735   warning  'p' is assigned a value but never used                                     no-unused-vars
  198:58743   warning  'y' is assigned a value but never used                                     no-unused-vars
  198:58764   warning  'x' is assigned a value but never used                                     no-unused-vars
  198:58772   warning  'A' is assigned a value but never used                                     no-unused-vars
  198:60227   warning  '$0' is a function                                                         no-func-assign
  198:62687   warning  'A' is assigned a value but never used                                     no-unused-vars
  198:62695   warning  'w' is assigned a value but never used                                     no-unused-vars
  198:62703   warning  'T' is assigned a value but never used                                     no-unused-vars
  198:62724   warning  'M' is assigned a value but never used                                     no-unused-vars
  198:62732   warning  'j' is assigned a value but never used                                     no-unused-vars
  198:67074   warning  'pae' is assigned a value but never used                                   no-unused-vars
  198:74216   warning  'ch' is a function                                                         no-func-assign
  198:76419   warning  'sa' is a function                                                         no-func-assign
  198:81869   warning  'Y0' is a function                                                         no-func-assign
  198:93013   warning  Unexpected lexical declaration in case block                               no-case-declarations
  198:96002   warning  Unexpected lexical declaration in case block                               no-case-declarations
  198:101575  warning  Unexpected lexical declaration in case block                               no-case-declarations
  198:101648  warning  'Oe' is defined but never used                                             no-unused-vars
  198:101672  warning  Unexpected lexical declaration in case block                               no-case-declarations

/home/runner/work/exp-clustering-wines-au/exp-clustering-wines-au/experiment/simulation/js/index-CjeWDgl_.js
   17:4193    warning  'process' is not defined                                                   no-undef
   17:4219    warning  'process' is not defined                                                   no-undef
   25:1032    warning  'setImmediate' is not defined                                              no-undef
   25:1890    warning  Unreachable code                                                           no-unreachable
   33:3442    warning  '__REACT_DEVTOOLS_GLOBAL_HOOK__' is not defined                            no-undef
   33:3499    warning  '__REACT_DEVTOOLS_GLOBAL_HOOK__' is not defined                            no-undef
   41:3259    warning  Empty block statement                                                      no-empty
   46:202     warning  Expected a conditional expression and instead saw an assignment            no-cond-assign
   48:548     warning  Empty block statement                                                      no-empty
   48:4243    warning  Expected a conditional expression and instead saw an assignment            no-cond-assign
   48:4343    warning  Expected a conditional expression and instead saw an assignment            no-cond-assign
   48:4426    warning  Expected a conditional expression and instead saw an assignment            no-cond-assign
   48:4883    warning  Unexpected combined character in character class                           no-misleading-character-class
   48:6398    warning  Do not access Object.prototype method 'hasOwnProperty' from target object  no-prototype-builtins
   48:8626    warning  Do not access Object.prototype method 'hasOwnProperty' from target object  no-prototype-builtins
   48:10744   warning  Do not access Object.prototype method 'hasOwnProperty' from target object  no-prototype-builtins
   48:10774   warning  Do not access Object.prototype method 'hasOwnProperty' from target object  no-prototype-builtins
   48:10893   warning  Do not access Object.prototype method 'hasOwnProperty' from target object  no-prototype-builtins
   48:10954   warning  Do not access Object.prototype method 'hasOwnProperty' from target object  no-prototype-builtins
   48:13917   warning  Unexpected control character(s) in regular expression: \x00, \x1f          no-control-regex
   48:15960   warning  Expected to return a value in method 'get'                                 getter-return
   48:16650   warning  Do not access Object.prototype method 'hasOwnProperty' from target object  no-prototype-builtins
   48:16992   warning  Invalid typeof comparison value                                            valid-typeof
   48:17166   warning  Invalid typeof comparison value                                            valid-typeof
   48:19031   warning  Expected a conditional expression and instead saw an assignment            no-cond-assign
   48:25350   warning  Do not access Object.prototype method 'hasOwnProperty' from target object  no-prototype-builtins
   48:26660   warning  'process' is not defined                                                   no-undef
   48:26686   warning  'process' is not defined                                                   no-undef
   48:43730   warning  Empty block statement                                                      no-empty
   48:45826   warning  Expected a 'break' statement before 'case'                                 no-fallthrough
   48:46291   warning  Unexpected constant condition                                              no-constant-condition
   48:59343   warning  Empty block statement                                                      no-empty
   48:59352   warning  Empty block statement                                                      no-empty
   48:64906   warning  Expected a conditional expression and instead saw an assignment            no-cond-assign
   48:69812   warning  Expected a conditional expression and instead saw an assignment            no-cond-assign
   48:72710   warning  Expected a conditional expression and instead saw an assignment            no-cond-assign
   48:73818   warning  Expected a conditional expression and instead saw an assignment            no-cond-assign
   48:75497   warning  Expected a conditional expression and instead saw an assignment            no-cond-assign
   48:82133   warning  Expected a conditional expression and instead saw an assignment            no-cond-assign
   48:87121   warning  Unnecessary escape character: \/                                           no-useless-escape
   48:97894   warning  Expected a 'break' statement before 'case'                                 no-fallthrough
   48:98847   warning  Empty block statement                                                      no-empty
   48:99126   warning  Expected a 'break' statement before 'case'                                 no-fallthrough
   48:102322  warning  Expected a conditional expression and instead saw an assignment            no-cond-assign
   48:104699  warning  Do not access Object.prototype method 'hasOwnProperty' from target object  no-prototype-builtins
   48:106519  warning  Expected a 'break' statement before 'case'                                 no-fallthrough
   48:107192  warning  Expected a 'break' statement before 'case'                                 no-fallthrough
   48:112982  warning  Expected a 'break' statement before 'case'                                 no-fallthrough
   48:113316  warning  Unexpected constant condition                                              no-constant-condition
   48:115940  warning  Unexpected constant condition                                              no-constant-condition
   48:116565  warning  Expected a 'break' statement before 'case'                                 no-fallthrough
   48:116884  warning  Unexpected constant condition                                              no-constant-condition
   48:117284  warning  Expected a 'break' statement before 'default'                              no-fallthrough
   48:119784  warning  Expected a conditional expression and instead saw an assignment            no-cond-assign
   48:120600  warning  Empty block statement                                                      no-empty
   48:121355  warning  Empty block statement                                                      no-empty
   48:122833  warning  'a' is defined but never used                                              no-unused-vars
   48:125225  warning  Expected a conditional expression and instead saw an assignment            no-cond-assign
   48:128988  warning  Expected a 'break' statement before 'case'                                 no-fallthrough
   48:129177  warning  Expected a 'break' statement before 'case'                                 no-fallthrough
   48:130402  warning  Expected a conditional expression and instead saw an assignment            no-cond-assign
   48:131955  warning  Expected a 'break' statement before 'case'                                 no-fallthrough
   48:133502  warning  Unexpected control character(s) in regular expression: \x00                no-control-regex
   49:476     warning  Expected a 'break' statement before 'case'                                 no-fallthrough
   49:5078    warning  Do not access Object.prototype method 'hasOwnProperty' from target object  no-prototype-builtins
   49:5650    warning  Do not access Object.prototype method 'hasOwnProperty' from target object  no-prototype-builtins
   49:5989    warning  Do not access Object.prototype method 'hasOwnProperty' from target object  no-prototype-builtins
   49:6384    warning  Do not access Object.prototype method 'hasOwnProperty' from target object  no-prototype-builtins
   49:6500    warning  Expected a 'break' statement before 'default'                              no-fallthrough
   49:6662    warning  Do not access Object.prototype method 'hasOwnProperty' from target object  no-prototype-builtins
   49:6925    warning  Do not access Object.prototype method 'hasOwnProperty' from target object  no-prototype-builtins
   49:7419    warning  Expected a 'break' statement before 'case'                                 no-fallthrough
   49:7558    warning  Do not access Object.prototype method 'hasOwnProperty' from target object  no-prototype-builtins
   49:7736    warning  Do not access Object.prototype method 'hasOwnProperty' from target object  no-prototype-builtins
   49:7818    warning  Do not access Object.prototype method 'hasOwnProperty' from target object  no-prototype-builtins
   49:8079    warning  Do not access Object.prototype method 'hasOwnProperty' from target object  no-prototype-builtins
   49:8177    warning  Expected a 'break' statement before 'default'                              no-fallthrough
   49:8187    warning  Do not access Object.prototype method 'hasOwnProperty' from target object  no-prototype-builtins
   49:8265    warning  Do not access Object.prototype method 'hasOwnProperty' from target object  no-prototype-builtins
   49:8653    warning  Do not access Object.prototype method 'hasOwnProperty' from target object  no-prototype-builtins
   49:8727    warning  Expected a 'break' statement before 'default'                              no-fallthrough
   49:8737    warning  Do not access Object.prototype method 'hasOwnProperty' from target object  no-prototype-builtins
   49:8805    warning  Do not access Object.prototype method 'hasOwnProperty' from target object  no-prototype-builtins
   49:8923    warning  Expected a 'break' statement before 'default'                              no-fallthrough
   49:9099    warning  Do not access Object.prototype method 'hasOwnProperty' from target object  no-prototype-builtins
   49:9130    warning  Do not access Object.prototype method 'hasOwnProperty' from target object  no-prototype-builtins
   49:9254    warning  Do not access Object.prototype method 'hasOwnProperty' from target object  no-prototype-builtins
   49:9530    warning  Do not access Object.prototype method 'hasOwnProperty' from target object  no-prototype-builtins
   49:9562    warning  Do not access Object.prototype method 'hasOwnProperty' from target object  no-prototype-builtins
   49:9685    warning  Do not access Object.prototype method 'hasOwnProperty' from target object  no-prototype-builtins
   49:10042   warning  Do not access Object.prototype method 'hasOwnProperty' from target object  no-prototype-builtins
   49:10074   warning  Do not access Object.prototype method 'hasOwnProperty' from target object  no-prototype-builtins
   49:10144   warning  Do not access Object.prototype method 'hasOwnProperty' from target object  no-prototype-builtins
   49:10358   warning  Do not access Object.prototype method 'hasOwnProperty' from target object  no-prototype-builtins
   49:10393   warning  Do not access Object.prototype method 'hasOwnProperty' from target object  no-prototype-builtins
   49:10463   warning  Do not access Object.prototype method 'hasOwnProperty' from target object  no-prototype-builtins
   49:10561   warning  Do not access Object.prototype method 'hasOwnProperty' from target object  no-prototype-builtins
   49:10592   warning  Do not access Object.prototype method 'hasOwnProperty' from target object  no-prototype-builtins
   49:10658   warning  Do not access Object.prototype method 'hasOwnProperty' from target object  no-prototype-builtins
   49:18706   warning  Expected a conditional expression and instead saw an assignment            no-cond-assign
   49:19777   warning  Expected a conditional expression and instead saw an assignment            no-cond-assign
   49:22310   warning  Expected a conditional expression and instead saw an assignment            no-cond-assign
   49:34393   warning  'navigation' is not defined                                                no-undef
   49:34422   warning  'navigation' is not defined                                                no-undef
   49:34462   warning  'navigation' is not defined                                                no-undef
   49:34608   warning  'navigation' is not defined                                                no-undef
   49:34650   warning  'navigation' is not defined                                                no-undef
   49:34699   warning  'navigation' is not defined                                                no-undef
   49:34780   warning  'navigation' is not defined                                                no-undef
   49:34825   warning  'navigation' is not defined                                                no-undef
   49:34877   warning  'navigation' is not defined                                                no-undef
   49:36025   warning  '__REACT_DEVTOOLS_GLOBAL_HOOK__' is not defined                            no-undef
   49:36124   warning  Empty block statement                                                      no-empty
   49:37270   warning  '__REACT_DEVTOOLS_GLOBAL_HOOK__' is not defined                            no-undef
   49:37327   warning  '__REACT_DEVTOOLS_GLOBAL_HOOK__' is not defined                            no-undef
   49:39558   warning  't' is defined but never used                                              no-unused-vars
   49:43175   warning  Do not access Object.prototype method 'hasOwnProperty' from target object  no-prototype-builtins
   49:63703   warning  Empty block statement                                                      no-empty
   49:65539   warning  'r' is assigned a value but never used                                     no-unused-vars
   49:65552   warning  'o' is assigned a value but never used                                     no-unused-vars
   49:68257   warning  'n' is defined but never used                                              no-unused-vars
   49:69372   warning  Unexpected comma in middle of array                                        no-sparse-arrays
   49:69978   warning  'r' is defined but never used                                              no-unused-vars
   49:70109   warning  'n' is assigned a value but never used                                     no-unused-vars
   49:70265   warning  'e' is defined but never used                                              no-unused-vars
   49:70273   warning  't' is defined but never used                                              no-unused-vars
   49:70289   warning  'n' is defined but never used                                              no-unused-vars
   49:70307   warning  'r' is defined but never used                                              no-unused-vars
   49:70326   warning  'o' is defined but never used                                              no-unused-vars
   49:70335   warning  'l' is defined but never used                                              no-unused-vars
   49:70348   warning  'u' is defined but never used                                              no-unused-vars
   49:70362   warning  'c' is defined but never used                                              no-unused-vars
   49:70369   warning  'd' is defined but never used                                              no-unused-vars
   49:70379   warning  'h' is defined but never used                                              no-unused-vars
   49:74560   warning  'o' is assigned a value but never used                                     no-unused-vars
   49:75083   warning  Do not access Object.prototype method 'hasOwnProperty' from target object  no-prototype-builtins
   49:86734   warning  't' is defined but never used                                              no-unused-vars
   49:86736   warning  'n' is defined but never used                                              no-unused-vars
   49:86738   warning  'r' is defined but never used                                              no-unused-vars
   49:88056   warning  'p' is assigned a value but never used                                     no-unused-vars
   49:101613  warning  'x' is assigned a value but never used                                     no-unused-vars
   49:102516  warning  Do not access Object.prototype method 'hasOwnProperty' from target object  no-prototype-builtins
   57:3802    warning  'require' is not defined                                                   no-undef
   57:3850    warning  Empty block statement                                                      no-empty
   57:6377    warning  'w' is assigned a value but never used                                     no-unused-vars
   57:9711    warning  'e' is defined but never used                                              no-unused-vars
   57:9713    warning  't' is defined but never used                                              no-unused-vars
   57:11188   warning  'h' is assigned a value but never used                                     no-unused-vars
   57:11204   warning  'm' is assigned a value but never used                                     no-unused-vars
  142:5082    warning  't' is defined but never used                                              no-unused-vars
  142:7975    warning  'n' is defined but never used                                              no-unused-vars
  142:8918    warning  Do not access Object.prototype method 'hasOwnProperty' from target object  no-prototype-builtins
  142:9280    warning  Expected a conditional expression and instead saw an assignment            no-cond-assign
  142:9587    warning  Do not access Object.prototype method 'hasOwnProperty' from target object  no-prototype-builtins
  142:9736    warning  Do not access Object.prototype method 'hasOwnProperty' from target object  no-prototype-builtins
  142:10418   warning  Do not access Object.prototype method 'hasOwnProperty' from target object  no-prototype-builtins
  142:13068   warning  Expected a conditional expression and instead saw an assignment            no-cond-assign
  142:13368   warning  Expected a conditional expression and instead saw an assignment            no-cond-assign
  142:13923   warning  Expected a conditional expression and instead saw an assignment            no-cond-assign
  142:15504   warning  't' is assigned a value but never used                                     no-unused-vars
  142:25955   warning  Expected a conditional expression and instead saw an assignment            no-cond-assign
  142:26216   warning  Expected a conditional expression and instead saw an assignment            no-cond-assign
  142:26256   warning  Expected a conditional expression and instead saw an assignment            no-cond-assign
  142:26320   warning  Expected a conditional expression and instead saw an assignment            no-cond-assign
  142:26359   warning  Expected a conditional expression and instead saw an assignment            no-cond-assign
  142:26422   warning  Expected a conditional expression and instead saw an assignment            no-cond-assign
  142:26466   warning  Expected a conditional expression and instead saw an assignment            no-cond-assign
  142:26515   warning  Do not access Object.prototype method 'hasOwnProperty' from target object  no-prototype-builtins
  142:31540   warning  Expected a conditional expression and instead saw an assignment            no-cond-assign
  142:32220   warning  'WebKitCSSMatrix' is not defined                                           no-undef
  142:38039   warning  Expected a conditional expression and instead saw an assignment            no-cond-assign
  142:42243   warning  Expected a conditional expression and instead saw an assignment            no-cond-assign
  142:44595   warning  Expected a conditional expression and instead saw an assignment            no-cond-assign
  142:55413   warning  Expected a conditional expression and instead saw an assignment            no-cond-assign
  142:82178   warning  Expected a 'break' statement before 'default'                              no-fallthrough
  142:82570   warning  Expected a conditional expression and instead saw an assignment            no-cond-assign
  142:83427   warning  Expected a conditional expression and instead saw an assignment            no-cond-assign
  142:85009   warning  Expected a 'break' statement before 'default'                              no-fallthrough
  142:87414   warning  Expected a 'break' statement before 'case'                                 no-fallthrough
  142:87823   warning  Expected a 'break' statement before 'default'                              no-fallthrough
  142:89520   warning  Expected a 'break' statement before 'default'                              no-fallthrough
  142:93273   warning  Expected a 'break' statement before 'default'                              no-fallthrough
  142:107639  warning  'u0' is a function                                                         no-func-assign
  142:108672  warning  'c0' is a function                                                         no-func-assign
  142:113362  warning  'f0' is a function                                                         no-func-assign
  142:116029  warning  't' is defined but never used                                              no-unused-vars
  142:124688  warning  'Buffer' is not defined                                                    no-undef
  158:10744   warning  't' is defined but never used                                              no-unused-vars
  158:21378   warning  'r' is assigned a value but never used                                     no-unused-vars
  158:21401   warning  'o' is assigned a value but never used                                     no-unused-vars
  158:21425   warning  'l' is assigned a value but never used                                     no-unused-vars
  158:27336   warning  't' is defined but never used                                              no-unused-vars
  158:33956   warning  't' is defined but never used                                              no-unused-vars
  158:33958   warning  'n' is defined but never used                                              no-unused-vars
  158:42549   warning  'S0' is a function                                                         no-func-assign
  161:1749    warning  't' is defined but never used                                              no-unused-vars
  161:10800   warning  'Yie' is assigned a value but never used                                   no-unused-vars
  161:10822   warning  'Gie' is assigned a value but never used                                   no-unused-vars
  169:1327    warning  't' is defined but never used                                              no-unused-vars
  169:3712    warning  'C0' is a function                                                         no-func-assign
  169:11750   warning  'j0' is a function                                                         no-func-assign
  169:14408   warning  'D0' is a function                                                         no-func-assign
  169:24516   warning  'Wd' is a function                                                         no-func-assign
  179:548     warning  Empty block statement                                                      no-empty
  179:978     warning  'L' is assigned a value but never used                                     no-unused-vars
  179:1677    warning  'oe' is assigned a value but never used                                    no-unused-vars
  179:4239    warning  'N0' is a function                                                         no-func-assign
  196:2817    warning  Empty block statement                                                      no-empty
  196:3003    warning  Empty block statement                                                      no-empty
  196:3291    warning  Empty block statement                                                      no-empty
  196:15440   warning  Expected a conditional expression and instead saw an assignment            no-cond-assign
  196:16096   warning  Do not access Object.prototype method 'hasOwnProperty' from target object  no-prototype-builtins
  196:16549   warning  'Sx' is already defined                                                    no-redeclare
  196:44888   warning  'Fie' is assigned a value but never used                                   no-unused-vars
  196:44935   warning  'Xie' is assigned a value but never used                                   no-unused-vars
  196:60792   warning  'z0' is a function                                                         no-func-assign
  196:67136   warning  'Zie' is assigned a value but never used                                   no-unused-vars
  196:79210   warning  'B0' is a function                                                         no-func-assign
  196:86998   warning  'si' is a function                                                         no-func-assign
  198:1469    warning  'M' is assigned a value but never used                                     no-unused-vars
  198:1549    warning  'C' is assigned a value but never used                                     no-unused-vars
  198:2876    warning  'ah' is a function                                                         no-func-assign
  198:3778    warning  'o' is assigned a value but never used                                     no-unused-vars
  198:4593    warning  'I0' is a function                                                         no-func-assign
  198:5286    warning  'Wie' is assigned a value but never used                                   no-unused-vars
  198:5307    warning  'Qie' is assigned a value but never used                                   no-unused-vars
  198:5324    warning  'Jie' is assigned a value but never used                                   no-unused-vars
  198:5344    warning  'eae' is assigned a value but never used                                   no-unused-vars
  198:7284    warning  'oh' is a function                                                         no-func-assign
  198:8399    warning  Empty block statement                                                      no-empty
  198:10740   warning  't' is defined but never used                                              no-unused-vars
  198:13478   warning  'tae' is assigned a value but never used                                   no-unused-vars
  198:13507   warning  'nae' is assigned a value but never used                                   no-unused-vars
  198:13537   warning  'rae' is assigned a value but never used                                   no-unused-vars
  198:14891   warning  'sh' is a function                                                         no-func-assign
  198:15669   warning  'u' is assigned a value but never used                                     no-unused-vars
  198:18772   warning  'iae' is assigned a value but never used                                   no-unused-vars
  198:18789   warning  'aae' is assigned a value but never used                                   no-unused-vars
  198:18805   warning  'oae' is assigned a value but never used                                   no-unused-vars
  198:21243   warning  'lae' is assigned a value but never used                                   no-unused-vars
  198:22052   warning  'sae' is assigned a value but never used                                   no-unused-vars
  198:22067   warning  'uae' is assigned a value but never used                                   no-unused-vars
  198:22079   warning  'cae' is assigned a value but never used                                   no-unused-vars
  198:22094   warning  'fae' is assigned a value but never used                                   no-unused-vars
  198:24283   warning  'U0' is a function                                                         no-func-assign
  198:31303   warning  'co' is a function                                                         no-func-assign
  198:39176   warning  'Za' is a function                                                         no-func-assign
  198:40221   warning  'y' is assigned a value but never used                                     no-unused-vars
  198:40437   warning  'l' is assigned a value but never used                                     no-unused-vars
  198:40447   warning  'u' is assigned a value but never used                                     no-unused-vars
  198:40825   warning  'l' is assigned a value but never used                                     no-unused-vars
  198:40835   warning  'u' is assigned a value but never used                                     no-unused-vars
  198:44788   warning  'dae' is assigned a value but never used                                   no-unused-vars
  198:44808   warning  'hae' is assigned a value but never used                                   no-unused-vars
  198:44827   warning  'mae' is assigned a value but never used                                   no-unused-vars
  198:47298   warning  'Cu' is a function                                                         no-func-assign
  198:49913   warning  'c' is assigned a value but never used                                     no-unused-vars
  198:56541   warning  'V0' is a function                                                         no-func-assign
  198:58727   warning  'm' is assigned a value but never used                                     no-unused-vars
  198:58735   warning  'p' is assigned a value but never used                                     no-unused-vars
  198:58743   warning  'y' is assigned a value but never used                                     no-unused-vars
  198:58764   warning  'x' is assigned a value but never used                                     no-unused-vars
  198:58772   warning  'A' is assigned a value but never used                                     no-unused-vars
  198:60227   warning  '$0' is a function                                                         no-func-assign
  198:62687   warning  'A' is assigned a value but never used                                     no-unused-vars
  198:62695   warning  'w' is assigned a value but never used                                     no-unused-vars
  198:62703   warning  'T' is assigned a value but never used                                     no-unused-vars
  198:62724   warning  'M' is assigned a value but never used                                     no-unused-vars
  198:62732   warning  'j' is assigned a value but never used                                     no-unused-vars
  198:67074   warning  'pae' is assigned a value but never used                                   no-unused-vars
  198:74216   warning  'ch' is a function                                                         no-func-assign
  198:76419   warning  'sa' is a function                                                         no-func-assign
  198:81869   warning  'Y0' is a function                                                         no-func-assign
  198:93013   warning  Unexpected lexical declaration in case block                               no-case-declarations
  198:96002   warning  Unexpected lexical declaration in case block                               no-case-declarations
  198:101575  warning  Unexpected lexical declaration in case block                               no-case-declarations
  198:101648  warning  'Oe' is defined but never used                                             no-unused-vars
  198:101672  warning  Unexpected lexical declaration in case block                               no-case-declarations

✖ 556 problems (0 errors, 556 warnings)

